2014-10-21 02:02:28+1100 [taste] DEBUG: Crawled (200) <GET http://www.taste.com.au/recipes/25859/oven+baked+chicken+and+chorizo+paella> (referer: None)
2014-10-21 02:02:28+1100 [taste] DEBUG: Scraped from <200 http://www.taste.com.au/recipes/25859/oven+baked+chicken+and+chorizo+paella>
	{'ingredients': [u'1/2 teaspoon saffron threads',
	                 u'2 tablespoons boiling water',
	                 u'8 cups salt-reduced chicken stock',
	                 u'2 teaspoons olive oil',
	                 u'2 (110g) chorizo, sliced',
	                 u'1.2kg chicken drumettes',
	                 u'2 tablespoons smoked paprika',
	                 u'2 brown onions, chopped',
	                 u'3 garlic cloves, crushed',
	                 u'4 cups SunRice Arborio Risotto Rice',
	                 u'2 cups frozen peas',
	                 u'200g chargrilled capsicum, sliced',
	                 u'2 medium tomatoes, diced',
	                 u'1/2 cup fresh flat-leaf parsley, roughly chopped',
	                 u'2 lemons, cut into 12 wedges'],
	 'name': [u'Oven-baked chicken and chorizo paella']}
2014-10-21 02:02:28+1100 [taste] INFO: Closing spider (finished)
2014-10-21 02:02:28+1100 [taste] INFO: Dumping Scrapy stats:
	{'downloader/request_bytes': 266,
	 'downloader/request_count': 1,
	 'downloader/request_method_count/GET': 1,
	 'downloader/response_bytes': 24008,
	 'downloader/response_count': 1,
	 'downloader/response_status_count/200': 1,
	 'finish_reason': 'finished',
	 'finish_time': datetime.datetime(2014, 10, 20, 15, 2, 28, 81953),
	 'item_scraped_count': 1,
	 'log_count/DEBUG': 2,
	 'log_count/INFO': 1,
	 'response_received_count': 1,
	 'scheduler/dequeued': 1,
	 'scheduler/dequeued/memory': 1,
	 'scheduler/enqueued': 1,
	 'scheduler/enqueued/memory': 1,
	 'start_time': datetime.datetime(2014, 10, 20, 15, 2, 27, 734908)}
2014-10-21 02:02:28+1100 [taste] INFO: Spider closed (finished)
